13:52:22.682 [http-nio-8081-exec-1] DEBUG l.i.p.controller.CustomerController - call doPost method
15:07:15.564 [http-nio-8081-exec-1] DEBUG l.i.p.controller.CustomerController - call doPut method
15:07:15.746 [http-nio-8081-exec-1] DEBUG l.i.p.controller.CustomerController - customerID: C002
15:07:15.746 [http-nio-8081-exec-1] DEBUG l.i.p.controller.CustomerController - updated customer data: CustomerDTO(customerId=C002, name=Dilesha, address=Polonnaruwa, contactNumber=0782323231, email=dilesha@gmail.com)
15:21:27.802 [http-nio-8081-exec-1] INFO  l.i.p.controller.CustomerController - call doDelete method
15:26:33.259 [http-nio-8081-exec-1] INFO  l.i.p.controller.CustomerController - call doDelete method
15:27:39.863 [http-nio-8081-exec-2] INFO  l.i.p.controller.CustomerController - call doDelete method
15:33:34.079 [http-nio-8081-exec-1] INFO  l.i.p.controller.CustomerController - call doDelete method
15:33:43.844 [http-nio-8081-exec-4] INFO  l.i.p.controller.CustomerController - call doDelete method
15:34:28.641 [http-nio-8081-exec-2] INFO  l.i.p.controller.CustomerController - call doDelete method
15:40:41.585 [http-nio-8081-exec-1] INFO  l.i.p.controller.CustomerController - call doDelete method
15:43:01.388 [http-nio-8081-exec-1] INFO  l.i.p.controller.CustomerController - call doDelete method
15:50:11.195 [http-nio-8081-exec-5] DEBUG l.i.p.controller.CustomerController - call doPost method
15:50:37.674 [http-nio-8081-exec-8] DEBUG l.i.p.controller.CustomerController - call doPost method
16:08:26.137 [http-nio-8081-exec-1] DEBUG l.i.p.controller.CustomerController - call doGet method
18:08:04.262 [RMI TCP Connection(2)-127.0.0.1] INFO  l.i.p.controller.CustomerController - initializing CustomerController with call init method
18:08:05.247 [RMI TCP Connection(2)-127.0.0.1] INFO  l.i.p.controller.CustomerController - connection initialized 
18:08:05.253 [RMI TCP Connection(2)-127.0.0.1] INFO  l.i.p.controller.ItemController - initializing ItemController with call init method
18:08:05.253 [RMI TCP Connection(2)-127.0.0.1] ERROR l.i.p.controller.ItemController - init method loading failed
18:09:01.093 [RMI TCP Connection(2)-127.0.0.1] INFO  l.i.p.controller.CustomerController - initializing CustomerController with call init method
18:09:01.795 [RMI TCP Connection(2)-127.0.0.1] INFO  l.i.p.controller.CustomerController - connection initialized 
18:09:01.799 [RMI TCP Connection(2)-127.0.0.1] INFO  l.i.p.controller.ItemController - initializing ItemController with call init method
18:10:53.479 [http-nio-8081-exec-1] DEBUG l.i.p.controller.ItemController - call doPost method
18:11:36.932 [http-nio-8081-exec-5] DEBUG l.i.p.controller.ItemController - call doPost method
18:11:55.597 [http-nio-8081-exec-6] DEBUG l.i.p.controller.ItemController - call doPost method
18:33:45.807 [RMI TCP Connection(2)-127.0.0.1] INFO  l.i.p.controller.CustomerController - initializing CustomerController with call init method
18:33:46.650 [RMI TCP Connection(2)-127.0.0.1] INFO  l.i.p.controller.CustomerController - connection initialized 
18:33:46.654 [RMI TCP Connection(2)-127.0.0.1] INFO  l.i.p.controller.ItemController - initializing ItemController with call init method
18:35:02.140 [http-nio-8081-exec-1] DEBUG l.i.p.controller.ItemController - call Item doPut method
18:35:02.318 [http-nio-8081-exec-1] DEBUG l.i.p.controller.ItemController - item code: I003
18:35:02.318 [http-nio-8081-exec-1] DEBUG l.i.p.controller.ItemController - update item data: ItemDTO(itemCode=I003, itemName=brush, unitPrice=150, qtyOnHand=50)
18:36:10.562 [http-nio-8081-exec-5] DEBUG l.i.p.controller.ItemController - call Item doPut method
18:36:10.586 [http-nio-8081-exec-5] DEBUG l.i.p.controller.ItemController - item code: I002
18:36:10.586 [http-nio-8081-exec-5] DEBUG l.i.p.controller.ItemController - update item data: ItemDTO(itemCode=I002, itemName=soap, unitPrice=100, qtyOnHand=100)
18:44:05.636 [http-nio-8081-exec-8] INFO  l.i.p.controller.CustomerController - call Customer doDelete method
18:47:45.511 [RMI TCP Connection(2)-127.0.0.1] INFO  l.i.p.controller.CustomerController - initializing CustomerController with call init method
18:47:46.199 [RMI TCP Connection(2)-127.0.0.1] INFO  l.i.p.controller.CustomerController - connection initialized 
18:47:46.203 [RMI TCP Connection(2)-127.0.0.1] INFO  l.i.p.controller.ItemController - initializing ItemController with call init method
18:48:05.264 [http-nio-8081-exec-1] DEBUG l.i.p.controller.ItemController - call item doDelete method
18:48:05.264 [http-nio-8081-exec-1] DEBUG l.i.p.controller.ItemController - delete item code: I003
18:49:13.918 [http-nio-8081-exec-4] DEBUG l.i.p.controller.ItemController - call item doDelete method
18:49:13.923 [http-nio-8081-exec-4] DEBUG l.i.p.controller.ItemController - delete item code: null
18:49:23.559 [http-nio-8081-exec-6] DEBUG l.i.p.controller.ItemController - call item doDelete method
18:49:23.559 [http-nio-8081-exec-6] DEBUG l.i.p.controller.ItemController - delete item code: null
18:55:39.120 [RMI TCP Connection(2)-127.0.0.1] INFO  l.i.p.controller.CustomerController - initializing CustomerController with call init method
18:55:39.820 [RMI TCP Connection(2)-127.0.0.1] INFO  l.i.p.controller.CustomerController - connection initialized 
18:55:39.825 [RMI TCP Connection(2)-127.0.0.1] INFO  l.i.p.controller.ItemController - initializing ItemController with call init method
18:55:47.696 [http-nio-8081-exec-1] DEBUG l.i.p.controller.ItemController - call Item doGet method
07:38:46.244 [RMI TCP Connection(3)-127.0.0.1] INFO  l.i.p.controller.CustomerController - initializing CustomerController with call init method
07:38:47.237 [RMI TCP Connection(3)-127.0.0.1] INFO  l.i.p.controller.CustomerController - connection initialized 
07:38:47.241 [RMI TCP Connection(3)-127.0.0.1] INFO  l.i.p.controller.ItemController - initializing ItemController with call init method
10:51:30.411 [http-nio-8081-exec-1] DEBUG l.i.p.controller.CustomerController - call Customer doPost method
10:52:11.539 [http-nio-8081-exec-3] DEBUG l.i.p.controller.CustomerController - call Customer doPost method
11:23:37.154 [http-nio-8081-exec-5] DEBUG l.i.p.controller.CustomerController - call Customer doPost method
11:29:26.165 [http-nio-8081-exec-8] DEBUG l.i.p.controller.CustomerController - call Customer doPost method
11:31:04.631 [http-nio-8081-exec-10] DEBUG l.i.p.controller.CustomerController - call Customer doPost method
12:01:24.727 [http-nio-8081-exec-3] DEBUG l.i.p.controller.CustomerController - call Customer doPut method
12:01:24.777 [http-nio-8081-exec-3] DEBUG l.i.p.controller.CustomerController - customerID: C002
12:01:24.785 [http-nio-8081-exec-3] DEBUG l.i.p.controller.CustomerController - updated customer data: CustomerDTO(customerId=C002, name=Dilesha, address=4/P Polonnaruwa, contactNumber=0760000000, email=dilesha@gmail.com)
12:19:40.232 [http-nio-8081-exec-6] DEBUG l.i.p.controller.CustomerController - call Customer doPost method
12:27:53.036 [http-nio-8081-exec-9] INFO  l.i.p.controller.CustomerController - call Customer doDelete method
12:44:25.583 [http-nio-8081-exec-1] DEBUG l.i.p.controller.CustomerController - call Customer doGet method
12:44:26.671 [http-nio-8081-exec-2] DEBUG l.i.p.controller.CustomerController - call Customer doGet method
12:47:58.649 [http-nio-8081-exec-5] INFO  l.i.p.controller.CustomerController - call Customer doDelete method
12:48:17.333 [http-nio-8081-exec-7] INFO  l.i.p.controller.CustomerController - call Customer doDelete method
12:49:25.381 [http-nio-8081-exec-9] DEBUG l.i.p.controller.CustomerController - call Customer doGet method
12:49:25.424 [http-nio-8081-exec-10] DEBUG l.i.p.controller.CustomerController - call Customer doGet method
12:49:37.380 [http-nio-8081-exec-2] INFO  l.i.p.controller.CustomerController - call Customer doDelete method
12:49:37.406 [http-nio-8081-exec-3] DEBUG l.i.p.controller.CustomerController - call Customer doGet method
12:52:09.103 [http-nio-8081-exec-5] DEBUG l.i.p.controller.CustomerController - call Customer doGet method
12:52:09.334 [http-nio-8081-exec-6] DEBUG l.i.p.controller.CustomerController - call Customer doGet method
13:01:29.508 [http-nio-8081-exec-8] DEBUG l.i.p.controller.CustomerController - call Customer doGet method
13:01:29.626 [http-nio-8081-exec-9] DEBUG l.i.p.controller.CustomerController - call Customer doGet method
14:33:03.367 [RMI TCP Connection(2)-127.0.0.1] INFO  l.i.p.controller.CustomerController - initializing CustomerController with call init method
14:33:04.244 [RMI TCP Connection(2)-127.0.0.1] INFO  l.i.p.controller.CustomerController - connection initialized 
14:33:04.248 [RMI TCP Connection(2)-127.0.0.1] INFO  l.i.p.controller.ItemController - initializing ItemController with call init method
14:33:15.054 [http-nio-8081-exec-1] DEBUG l.i.p.controller.CustomerController - call Customer doGet method
14:34:39.699 [http-nio-8081-exec-5] DEBUG l.i.p.controller.CustomerController - call Customer doGet method
14:44:39.311 [http-nio-8081-exec-7] DEBUG l.i.p.controller.CustomerController - call Customer doGet method
14:45:16.942 [http-nio-8081-exec-9] DEBUG l.i.p.controller.CustomerController - call Customer doGet method
14:46:18.883 [http-nio-8081-exec-1] DEBUG l.i.p.controller.CustomerController - call Customer doPost method
14:46:56.839 [http-nio-8081-exec-4] DEBUG l.i.p.controller.CustomerController - call Customer doGet method
14:50:26.177 [http-nio-8081-exec-6] DEBUG l.i.p.controller.CustomerController - call Customer doGet method
14:50:28.584 [http-nio-8081-exec-7] DEBUG l.i.p.controller.CustomerController - call Customer doGet method
14:51:09.824 [http-nio-8081-exec-10] DEBUG l.i.p.controller.CustomerController - call Customer doGet method
14:51:09.824 [http-nio-8081-exec-2] DEBUG l.i.p.controller.CustomerController - call Customer doPost method
15:01:26.172 [http-nio-8081-exec-4] DEBUG l.i.p.controller.CustomerController - call Customer doGet method
15:03:04.494 [http-nio-8081-exec-6] DEBUG l.i.p.controller.CustomerController - call Customer doGet method
15:03:54.788 [http-nio-8081-exec-8] DEBUG l.i.p.controller.CustomerController - call Customer doGet method
15:03:54.826 [http-nio-8081-exec-9] DEBUG l.i.p.controller.CustomerController - call Customer doGet method
15:04:14.132 [http-nio-8081-exec-1] INFO  l.i.p.controller.CustomerController - call Customer doDelete method
15:04:14.159 [http-nio-8081-exec-3] DEBUG l.i.p.controller.CustomerController - call Customer doGet method
15:04:57.739 [http-nio-8081-exec-6] DEBUG l.i.p.controller.CustomerController - call Customer doPut method
15:04:57.750 [http-nio-8081-exec-6] DEBUG l.i.p.controller.CustomerController - customerID: C004
15:04:57.750 [http-nio-8081-exec-6] DEBUG l.i.p.controller.CustomerController - updated customer data: CustomerDTO(customerId=C004, name=gayan, address=12/H Halawath, contactNumber=0782323231, email=gayan@gmail.com)
15:04:57.776 [http-nio-8081-exec-7] DEBUG l.i.p.controller.CustomerController - call Customer doGet method
15:05:58.916 [http-nio-8081-exec-10] DEBUG l.i.p.controller.CustomerController - call Customer doPost method
15:06:53.134 [http-nio-8081-exec-1] DEBUG l.i.p.controller.CustomerController - call Customer doGet method
15:06:53.591 [http-nio-8081-exec-4] DEBUG l.i.p.controller.CustomerController - call Customer doGet method
15:07:54.248 [http-nio-8081-exec-6] DEBUG l.i.p.controller.CustomerController - call Customer doGet method
15:07:54.344 [http-nio-8081-exec-7] DEBUG l.i.p.controller.CustomerController - call Customer doGet method
15:09:03.034 [http-nio-8081-exec-10] DEBUG l.i.p.controller.CustomerController - call Customer doPost method
15:09:11.619 [http-nio-8081-exec-1] DEBUG l.i.p.controller.CustomerController - call Customer doGet method
15:10:28.761 [http-nio-8081-exec-4] DEBUG l.i.p.controller.CustomerController - call Customer doGet method
15:10:28.963 [http-nio-8081-exec-5] DEBUG l.i.p.controller.CustomerController - call Customer doGet method
15:10:56.970 [http-nio-8081-exec-7] DEBUG l.i.p.controller.CustomerController - call Customer doGet method
15:10:57.170 [http-nio-8081-exec-8] DEBUG l.i.p.controller.CustomerController - call Customer doGet method
15:11:37.918 [http-nio-8081-exec-2] DEBUG l.i.p.controller.CustomerController - call Customer doPost method
15:11:59.359 [http-nio-8081-exec-3] DEBUG l.i.p.controller.CustomerController - call Customer doGet method
15:13:14.034 [http-nio-8081-exec-6] DEBUG l.i.p.controller.CustomerController - call Customer doPost method
15:13:14.116 [http-nio-8081-exec-7] DEBUG l.i.p.controller.CustomerController - call Customer doGet method
15:13:33.759 [http-nio-8081-exec-10] DEBUG l.i.p.controller.CustomerController - call Customer doPost method
15:16:40.013 [http-nio-8081-exec-1] DEBUG l.i.p.controller.CustomerController - call Customer doGet method
15:16:40.047 [http-nio-8081-exec-3] DEBUG l.i.p.controller.CustomerController - call Customer doGet method
15:17:21.122 [http-nio-8081-exec-6] DEBUG l.i.p.controller.CustomerController - call Customer doPost method
15:17:21.158 [http-nio-8081-exec-7] DEBUG l.i.p.controller.CustomerController - call Customer doGet method
15:18:16.812 [http-nio-8081-exec-9] DEBUG l.i.p.controller.CustomerController - call Customer doGet method
15:18:17.048 [http-nio-8081-exec-10] DEBUG l.i.p.controller.CustomerController - call Customer doGet method
15:18:26.882 [http-nio-8081-exec-3] INFO  l.i.p.controller.CustomerController - call Customer doDelete method
15:18:26.925 [http-nio-8081-exec-4] DEBUG l.i.p.controller.CustomerController - call Customer doGet method
15:18:32.930 [http-nio-8081-exec-6] INFO  l.i.p.controller.CustomerController - call Customer doDelete method
15:18:32.956 [http-nio-8081-exec-7] DEBUG l.i.p.controller.CustomerController - call Customer doGet method
15:23:59.861 [http-nio-8081-exec-9] DEBUG l.i.p.controller.CustomerController - call Customer doGet method
15:23:59.878 [http-nio-8081-exec-10] DEBUG l.i.p.controller.CustomerController - call Customer doGet method
15:26:05.609 [http-nio-8081-exec-1] DEBUG l.i.p.controller.CustomerController - call Customer doGet method
15:26:06.018 [http-nio-8081-exec-3] DEBUG l.i.p.controller.CustomerController - call Customer doGet method
15:30:17.942 [http-nio-8081-exec-5] DEBUG l.i.p.controller.CustomerController - call Customer doGet method
15:30:17.960 [http-nio-8081-exec-6] DEBUG l.i.p.controller.CustomerController - call Customer doGet method
15:32:26.907 [http-nio-8081-exec-8] DEBUG l.i.p.controller.CustomerController - call Customer doGet method
15:32:26.925 [http-nio-8081-exec-9] DEBUG l.i.p.controller.CustomerController - call Customer doGet method
15:33:03.161 [http-nio-8081-exec-2] DEBUG l.i.p.controller.CustomerController - call Customer doGet method
15:33:19.724 [http-nio-8081-exec-1] DEBUG l.i.p.controller.CustomerController - call Customer doGet method
15:33:19.940 [http-nio-8081-exec-3] DEBUG l.i.p.controller.CustomerController - call Customer doGet method
15:33:36.619 [http-nio-8081-exec-4] DEBUG l.i.p.controller.CustomerController - call Customer doGet method
15:33:37.088 [http-nio-8081-exec-5] DEBUG l.i.p.controller.CustomerController - call Customer doGet method
15:33:44.467 [http-nio-8081-exec-6] DEBUG l.i.p.controller.CustomerController - call Customer doGet method
15:33:56.991 [http-nio-8081-exec-7] DEBUG l.i.p.controller.CustomerController - call Customer doGet method
15:34:02.900 [http-nio-8081-exec-8] DEBUG l.i.p.controller.CustomerController - call Customer doGet method
15:34:08.352 [http-nio-8081-exec-10] INFO  l.i.p.controller.CustomerController - call Customer doDelete method
15:34:08.392 [http-nio-8081-exec-2] DEBUG l.i.p.controller.CustomerController - call Customer doGet method
16:21:41.258 [RMI TCP Connection(4)-127.0.0.1] INFO  l.i.p.controller.CustomerController - initializing CustomerController with call init method
16:21:42.105 [RMI TCP Connection(4)-127.0.0.1] INFO  l.i.p.controller.CustomerController - connection initialized 
16:21:42.109 [RMI TCP Connection(4)-127.0.0.1] INFO  l.i.p.controller.ItemController - initializing ItemController with call init method
16:21:58.949 [http-nio-8081-exec-2] DEBUG l.i.p.controller.ItemController - call Item doGet method
16:23:18.698 [http-nio-8081-exec-3] DEBUG l.i.p.controller.ItemController - call Item doGet method
16:26:36.863 [RMI TCP Connection(2)-127.0.0.1] INFO  l.i.p.controller.CustomerController - initializing CustomerController with call init method
16:26:37.486 [RMI TCP Connection(2)-127.0.0.1] INFO  l.i.p.controller.CustomerController - connection initialized 
16:26:37.491 [RMI TCP Connection(2)-127.0.0.1] INFO  l.i.p.controller.ItemController - initializing ItemController with call init method
16:26:40.344 [http-nio-8081-exec-1] DEBUG l.i.p.controller.ItemController - call Item doGet method
16:26:52.380 [http-nio-8081-exec-3] DEBUG l.i.p.controller.ItemController - call Item doGet method
16:27:51.175 [http-nio-8081-exec-6] DEBUG l.i.p.controller.ItemController - call Item doGet method
18:16:01.231 [RMI TCP Connection(2)-127.0.0.1] INFO  l.i.p.controller.CustomerController - initializing CustomerController with call init method
18:16:01.932 [RMI TCP Connection(2)-127.0.0.1] INFO  l.i.p.controller.CustomerController - connection initialized 
18:16:01.935 [RMI TCP Connection(2)-127.0.0.1] INFO  l.i.p.controller.ItemController - initializing ItemController with call init method
18:16:35.173 [http-nio-8081-exec-2] DEBUG l.i.p.controller.CustomerController - call Customer doPost method
18:16:35.425 [http-nio-8081-exec-2] ERROR l.i.p.controller.CustomerController - JSON parsing failed
java.sql.SQLIntegrityConstraintViolationException: Duplicate entry 'C008' for key 'customer.PRIMARY'
	at com.mysql.cj.jdbc.exceptions.SQLError.createSQLException(SQLError.java:118)
	at com.mysql.cj.jdbc.exceptions.SQLExceptionsMapping.translateException(SQLExceptionsMapping.java:122)
	at com.mysql.cj.jdbc.ClientPreparedStatement.executeInternal(ClientPreparedStatement.java:916)
	at com.mysql.cj.jdbc.ClientPreparedStatement.executeUpdateInternal(ClientPreparedStatement.java:1061)
	at com.mysql.cj.jdbc.ClientPreparedStatement.executeUpdateInternal(ClientPreparedStatement.java:1009)
	at com.mysql.cj.jdbc.ClientPreparedStatement.executeLargeUpdate(ClientPreparedStatement.java:1320)
	at com.mysql.cj.jdbc.ClientPreparedStatement.executeUpdate(ClientPreparedStatement.java:994)
	at org.apache.tomcat.dbcp.dbcp2.DelegatingPreparedStatement.executeUpdate(DelegatingPreparedStatement.java:137)
	at org.apache.tomcat.dbcp.dbcp2.DelegatingPreparedStatement.executeUpdate(DelegatingPreparedStatement.java:137)
	at lk.ijse.possystem.dao.SQLUtil.execute(SQLUtil.java:16)
	at lk.ijse.possystem.dao.impl.CustomerDAOImpl.save(CustomerDAOImpl.java:113)
	at lk.ijse.possystem.dao.impl.CustomerDAOImpl.save(CustomerDAOImpl.java:14)
	at lk.ijse.possystem.bo.impl.CustomerBOImpl.saveCustomer(CustomerBOImpl.java:25)
	at lk.ijse.possystem.controller.CustomerController.doPost(CustomerController.java:53)
	at jakarta.servlet.http.HttpServlet.service(HttpServlet.java:590)
	at jakarta.servlet.http.HttpServlet.service(HttpServlet.java:658)
	at org.apache.catalina.core.ApplicationFilterChain.internalDoFilter(ApplicationFilterChain.java:195)
	at org.apache.catalina.core.ApplicationFilterChain.doFilter(ApplicationFilterChain.java:140)
	at org.apache.tomcat.websocket.server.WsFilter.doFilter(WsFilter.java:51)
	at org.apache.catalina.core.ApplicationFilterChain.internalDoFilter(ApplicationFilterChain.java:164)
	at org.apache.catalina.core.ApplicationFilterChain.doFilter(ApplicationFilterChain.java:140)
	at lk.ijse.possystem.filter.CROSFilter.doFilter(CROSFilter.java:26)
	at jakarta.servlet.http.HttpFilter.doFilter(HttpFilter.java:53)
	at org.apache.catalina.core.ApplicationFilterChain.internalDoFilter(ApplicationFilterChain.java:164)
	at org.apache.catalina.core.ApplicationFilterChain.doFilter(ApplicationFilterChain.java:140)
	at org.apache.catalina.core.StandardWrapperValve.invoke(StandardWrapperValve.java:167)
	at org.apache.catalina.core.StandardContextValve.invoke(StandardContextValve.java:90)
	at org.apache.catalina.authenticator.AuthenticatorBase.invoke(AuthenticatorBase.java:482)
	at org.apache.catalina.core.StandardHostValve.invoke(StandardHostValve.java:115)
	at org.apache.catalina.valves.ErrorReportValve.invoke(ErrorReportValve.java:93)
	at org.apache.catalina.valves.AbstractAccessLogValve.invoke(AbstractAccessLogValve.java:663)
	at org.apache.catalina.core.StandardEngineValve.invoke(StandardEngineValve.java:74)
	at org.apache.catalina.connector.CoyoteAdapter.service(CoyoteAdapter.java:344)
	at org.apache.coyote.http11.Http11Processor.service(Http11Processor.java:389)
	at org.apache.coyote.AbstractProcessorLight.process(AbstractProcessorLight.java:63)
	at org.apache.coyote.AbstractProtocol$ConnectionHandler.process(AbstractProtocol.java:904)
	at org.apache.tomcat.util.net.NioEndpoint$SocketProcessor.doRun(NioEndpoint.java:1741)
	at org.apache.tomcat.util.net.SocketProcessorBase.run(SocketProcessorBase.java:52)
	at org.apache.tomcat.util.threads.ThreadPoolExecutor.runWorker(ThreadPoolExecutor.java:1190)
	at org.apache.tomcat.util.threads.ThreadPoolExecutor$Worker.run(ThreadPoolExecutor.java:659)
	at org.apache.tomcat.util.threads.TaskThread$WrappingRunnable.run(TaskThread.java:63)
	at java.base/java.lang.Thread.run(Thread.java:1583)
18:17:08.183 [http-nio-8081-exec-3] INFO  l.i.p.controller.CustomerController - call Customer doDelete method
18:17:27.831 [http-nio-8081-exec-5] DEBUG l.i.p.controller.CustomerController - call Customer doGet method
18:17:47.672 [http-nio-8081-exec-6] DEBUG l.i.p.controller.CustomerController - call Customer doGet method
18:18:04.981 [http-nio-8081-exec-7] DEBUG l.i.p.controller.CustomerController - call Customer doPost method
19:30:08.127 [RMI TCP Connection(2)-127.0.0.1] INFO  l.i.p.controller.CustomerController - initializing CustomerController with call init method
19:30:09.242 [RMI TCP Connection(2)-127.0.0.1] INFO  l.i.p.controller.CustomerController - connection initialized 
19:30:09.249 [RMI TCP Connection(2)-127.0.0.1] INFO  l.i.p.controller.ItemController - initializing ItemController with call init method
19:30:48.976 [http-nio-8081-exec-1] DEBUG l.i.p.controller.CustomerController - call Customer doPost method
19:30:49.534 [http-nio-8081-exec-1] ERROR l.i.p.controller.CustomerController - JSON parsing failed
java.sql.SQLIntegrityConstraintViolationException: Duplicate entry 'C0012' for key 'customer.PRIMARY'
	at com.mysql.cj.jdbc.exceptions.SQLError.createSQLException(SQLError.java:118)
	at com.mysql.cj.jdbc.exceptions.SQLExceptionsMapping.translateException(SQLExceptionsMapping.java:122)
	at com.mysql.cj.jdbc.ClientPreparedStatement.executeInternal(ClientPreparedStatement.java:916)
	at com.mysql.cj.jdbc.ClientPreparedStatement.executeUpdateInternal(ClientPreparedStatement.java:1061)
	at com.mysql.cj.jdbc.ClientPreparedStatement.executeUpdateInternal(ClientPreparedStatement.java:1009)
	at com.mysql.cj.jdbc.ClientPreparedStatement.executeLargeUpdate(ClientPreparedStatement.java:1320)
	at com.mysql.cj.jdbc.ClientPreparedStatement.executeUpdate(ClientPreparedStatement.java:994)
	at org.apache.tomcat.dbcp.dbcp2.DelegatingPreparedStatement.executeUpdate(DelegatingPreparedStatement.java:137)
	at org.apache.tomcat.dbcp.dbcp2.DelegatingPreparedStatement.executeUpdate(DelegatingPreparedStatement.java:137)
	at lk.ijse.possystem.dao.SQLUtil.execute(SQLUtil.java:16)
	at lk.ijse.possystem.dao.impl.CustomerDAOImpl.save(CustomerDAOImpl.java:113)
	at lk.ijse.possystem.dao.impl.CustomerDAOImpl.save(CustomerDAOImpl.java:14)
	at lk.ijse.possystem.bo.impl.CustomerBOImpl.saveCustomer(CustomerBOImpl.java:25)
	at lk.ijse.possystem.controller.CustomerController.doPost(CustomerController.java:53)
	at jakarta.servlet.http.HttpServlet.service(HttpServlet.java:590)
	at jakarta.servlet.http.HttpServlet.service(HttpServlet.java:658)
	at org.apache.catalina.core.ApplicationFilterChain.internalDoFilter(ApplicationFilterChain.java:195)
	at org.apache.catalina.core.ApplicationFilterChain.doFilter(ApplicationFilterChain.java:140)
	at org.apache.tomcat.websocket.server.WsFilter.doFilter(WsFilter.java:51)
	at org.apache.catalina.core.ApplicationFilterChain.internalDoFilter(ApplicationFilterChain.java:164)
	at org.apache.catalina.core.ApplicationFilterChain.doFilter(ApplicationFilterChain.java:140)
	at lk.ijse.possystem.filter.CROSFilter.doFilter(CROSFilter.java:26)
	at jakarta.servlet.http.HttpFilter.doFilter(HttpFilter.java:53)
	at org.apache.catalina.core.ApplicationFilterChain.internalDoFilter(ApplicationFilterChain.java:164)
	at org.apache.catalina.core.ApplicationFilterChain.doFilter(ApplicationFilterChain.java:140)
	at org.apache.catalina.core.StandardWrapperValve.invoke(StandardWrapperValve.java:167)
	at org.apache.catalina.core.StandardContextValve.invoke(StandardContextValve.java:90)
	at org.apache.catalina.authenticator.AuthenticatorBase.invoke(AuthenticatorBase.java:482)
	at org.apache.catalina.core.StandardHostValve.invoke(StandardHostValve.java:115)
	at org.apache.catalina.valves.ErrorReportValve.invoke(ErrorReportValve.java:93)
	at org.apache.catalina.valves.AbstractAccessLogValve.invoke(AbstractAccessLogValve.java:663)
	at org.apache.catalina.core.StandardEngineValve.invoke(StandardEngineValve.java:74)
	at org.apache.catalina.connector.CoyoteAdapter.service(CoyoteAdapter.java:344)
	at org.apache.coyote.http11.Http11Processor.service(Http11Processor.java:389)
	at org.apache.coyote.AbstractProcessorLight.process(AbstractProcessorLight.java:63)
	at org.apache.coyote.AbstractProtocol$ConnectionHandler.process(AbstractProtocol.java:904)
	at org.apache.tomcat.util.net.NioEndpoint$SocketProcessor.doRun(NioEndpoint.java:1741)
	at org.apache.tomcat.util.net.SocketProcessorBase.run(SocketProcessorBase.java:52)
	at org.apache.tomcat.util.threads.ThreadPoolExecutor.runWorker(ThreadPoolExecutor.java:1190)
	at org.apache.tomcat.util.threads.ThreadPoolExecutor$Worker.run(ThreadPoolExecutor.java:659)
	at org.apache.tomcat.util.threads.TaskThread$WrappingRunnable.run(TaskThread.java:63)
	at java.base/java.lang.Thread.run(Thread.java:1583)
19:32:56.194 [http-nio-8081-exec-3] DEBUG l.i.p.controller.CustomerController - call Customer doPost method
